<?xml version="1.0" encoding="UTF-8"?>
<!-- Generated by org.testng.reporters.JUnitReportReporter -->
<testsuite hostname="DESKTOP-41G56EL" failures="0" tests="1" name="com.selenium.day12.DataFromXml" time="7.126" errors="0" timestamp="2025-03-08T12:08:27 IST" skipped="0">
  <testcase classname="com.selenium.day12.DataFromXml" name="test1" time="7.126"/>
</testsuite> <!-- com.selenium.day12.DataFromXml -->
