<?xml version="1.0" encoding="UTF-8"?>
<!-- Generated by org.testng.reporters.JUnitReportReporter -->
<testsuite hostname="DESKTOP-41G56EL" failures="0" tests="3" name="com.selenium.day12.DataPro1" time="0.029" errors="0" timestamp="2025-03-08T12:33:33 IST" skipped="0">
  <testcase classname="com.selenium.day12.DataPro1" name="test1" time="0.019"/>
  <testcase classname="com.selenium.day12.DataPro1" name="test1" time="0.003"/>
  <testcase classname="com.selenium.day12.DataPro1" name="test1" time="0.007"/>
</testsuite> <!-- com.selenium.day12.DataPro1 -->
