<?xml version="1.0" encoding="UTF-8"?>
<!-- Generated by org.testng.reporters.JUnitReportReporter -->
<testsuite hostname="DESKTOP-41G56EL" failures="0" tests="2" name="com.selenium.day9.Class2" time="0.032" errors="0" timestamp="2025-03-06T13:24:43 IST" skipped="0">
  <testcase classname="com.selenium.day9.Class2" name="test3" time="0.004"/>
  <testcase classname="com.selenium.day9.Class2" name="test1" time="0.028"/>
</testsuite> <!-- com.selenium.day9.Class2 -->
