<?xml version="1.0" encoding="UTF-8"?>
<!-- Generated by org.testng.reporters.JUnitReportReporter -->
<testsuite hostname="DESKTOP-41G56EL" failures="0" tests="1" name="com.selenium.day14.POM.LoginTest" time="12.419" errors="0" timestamp="2025-03-11T11:39:08 IST" skipped="0">
  <testcase classname="com.selenium.day14.POM.LoginTest" name="loginTest" time="12.419"/>
</testsuite> <!-- com.selenium.day14.POM.LoginTest -->
