<?xml version="1.0" encoding="UTF-8"?>
<!-- Generated by org.testng.reporters.JUnitReportReporter -->
<testsuite hostname="DESKTOP-41G56EL" failures="0" tests="2" name="com.selenium.day9.TestNgAnnonation" time="10.929" errors="0" timestamp="2025-03-05T13:13:32 IST" skipped="0">
  <testcase classname="com.selenium.day9.TestNgAnnonation" name="clickOnCreateAccount" time="6.671"/>
  <testcase classname="com.selenium.day9.TestNgAnnonation" name="clickOnLogin" time="4.258"/>
</testsuite> <!-- com.selenium.day9.TestNgAnnonation -->
