<?xml version="1.0" encoding="UTF-8"?>
<!-- Generated by org.testng.reporters.JUnitReportReporter -->
<testsuite hostname="DESKTOP-41G56EL" failures="0" tests="3" name="com.selenium.day9.Annonation2" time="0.041" errors="0" timestamp="2025-03-06T12:52:19 IST" skipped="0">
  <testcase classname="com.selenium.day9.Annonation2" name="test2" time="0.011"/>
  <testcase classname="com.selenium.day9.Annonation2" name="test3" time="0.007"/>
  <testcase classname="com.selenium.day9.Annonation2" name="test1" time="0.023"/>
</testsuite> <!-- com.selenium.day9.Annonation2 -->
