<?xml version="1.0" encoding="UTF-8"?>
<!-- Generated by org.testng.reporters.JUnitReportReporter -->
<testsuite hostname="DESKTOP-41G56EL" failures="0" tests="3" name="com.selenium.day13.Rev" time="0.054" errors="0" timestamp="2025-03-10T10:37:59 IST" skipped="0">
  <testcase classname="com.selenium.day13.Rev" name="test1" time="0.017"/>
  <testcase classname="com.selenium.day13.Rev" name="test1" time="0.014"/>
  <testcase classname="com.selenium.day13.Rev" name="test1" time="0.023"/>
</testsuite> <!-- com.selenium.day13.Rev -->
