<?xml version="1.0" encoding="UTF-8"?>
<!-- Generated by org.testng.reporters.JUnitReportReporter -->
<testsuite hostname="DESKTOP-41G56EL" failures="0" tests="1" name="com.selenium.day14.POM.Login" time="11.065" errors="0" timestamp="2025-03-11T11:02:43 IST" skipped="0">
  <testcase classname="com.selenium.day14.POM.Login" name="loginTest" time="11.065"/>
</testsuite> <!-- com.selenium.day14.POM.Login -->
