<?xml version="1.0" encoding="UTF-8"?>
<!-- Generated by org.testng.reporters.JUnitReportReporter -->
<testsuite hostname="DESKTOP-41G56EL" failures="0" tests="5" name="com.selenium.day9.Class1" time="0.039" errors="0" timestamp="2025-03-06T13:05:02 IST" skipped="0">
  <testcase classname="com.selenium.day9.Class1" name="test1" time="0.005"/>
  <testcase classname="com.selenium.day9.Class1" name="test1" time="0.003"/>
  <testcase classname="com.selenium.day9.Class1" name="test1" time="0.005"/>
  <testcase classname="com.selenium.day9.Class1" name="test1" time="0.004"/>
  <testcase classname="com.selenium.day9.Class1" name="test1" time="0.022"/>
</testsuite> <!-- com.selenium.day9.Class1 -->
