<?xml version="1.0" encoding="UTF-8"?>
<!-- Generated by org.testng.reporters.JUnitReportReporter -->
<testsuite hostname="DESKTOP-41G56EL" failures="0" tests="2" name="com.selenium.day9.TestNgAnnonation" time="11.519" errors="0" timestamp="2025-03-06T13:01:10 IST" skipped="0">
  <testcase classname="com.selenium.day9.TestNgAnnonation" name="clickOnLogin" time="6.227"/>
  <testcase classname="com.selenium.day9.TestNgAnnonation" name="clickOnCreateAccount" time="5.292"/>
</testsuite> <!-- com.selenium.day9.TestNgAnnonation -->
