<?xml version="1.0" encoding="UTF-8"?>
<!-- Generated by org.testng.reporters.JUnitReportReporter -->
<testsuite hostname="DESKTOP-41G56EL" failures="0" tests="4" name="com.selenium.day14.PTests" time="0.041" errors="0" timestamp="2025-03-11T10:53:23 IST" skipped="2">
  <testcase classname="com.selenium.day14.PTests" name="test2" time="0.017"/>
  <testcase classname="com.selenium.day14.PTests" name="test1" time="0.024"/>
  <testcase classname="com.selenium.day14.PTests" name="test3">
    <skipped/>
  </testcase> <!-- test3 -->
  <testcase classname="com.selenium.day14.PTests" name="test4">
    <skipped/>
  </testcase> <!-- test4 -->
</testsuite> <!-- com.selenium.day14.PTests -->
