<?xml version="1.0" encoding="UTF-8"?>
<!-- Generated by org.testng.reporters.JUnitReportReporter -->
<testsuite hostname="DESKTOP-41G56EL" failures="0" tests="2" name="com.selenium.day9.TestngAnnonations" time="0.042" errors="0" timestamp="2025-03-05T13:26:26 IST" skipped="0">
  <testcase classname="com.selenium.day9.TestngAnnonations" name="createanewAccount" time="0.035"/>
  <testcase classname="com.selenium.day9.TestngAnnonations" name="login" time="0.007"/>
</testsuite> <!-- com.selenium.day9.TestngAnnonations -->
