<?xml version="1.0" encoding="UTF-8"?>
<!-- Generated by org.testng.reporters.JUnitReportReporter -->
<testsuite hostname="DESKTOP-41G56EL" failures="0" tests="2" name="com.selenium.day14.PTest2" time="0.026" errors="0" timestamp="2025-03-11T10:53:23 IST" skipped="0">
  <testcase classname="com.selenium.day14.PTest2" name="test2" time="0.003"/>
  <testcase classname="com.selenium.day14.PTest2" name="test1" time="0.023"/>
</testsuite> <!-- com.selenium.day14.PTest2 -->
