<?xml version="1.0" encoding="UTF-8"?>
<!-- Generated by org.testng.reporters.JUnitReportReporter -->
<testsuite hostname="DESKTOP-41G56EL" failures="0" tests="1" name="com.selenium.day13.Listenersss" time="5.231" errors="0" timestamp="2025-03-10T11:32:38 IST" skipped="0">
  <testcase classname="com.selenium.day13.Listenersss" name="mytest1" time="5.231"/>
</testsuite> <!-- com.selenium.day13.Listenersss -->
