<?xml version="1.0" encoding="UTF-8"?>
<!-- Generated by org.testng.reporters.JUnitReportReporter -->
<testsuite hostname="DESKTOP-41G56EL" failures="0" tests="2" name="com.selenium.day12.OtherAttributes" time="0.024" errors="0" timestamp="2025-03-08T12:38:25 IST" skipped="0">
  <testcase classname="com.selenium.day12.OtherAttributes" name="logout" time="0.002"/>
  <testcase classname="com.selenium.day12.OtherAttributes" name="login" time="0.022"/>
</testsuite> <!-- com.selenium.day12.OtherAttributes -->
